{
  "RSpec": {
    "coverage": {
      "/Users/Byronlee/workspace/AnJingDeNaoBu/spec/support/database_cleaner.rb": [
        1,
        null,
        1,
        1,
        1,
        null,
        null,
        1,
        100,
        100,
        null,
        null,
        null,
        null
      ],
      "/Users/Byronlee/workspace/AnJingDeNaoBu/spec/support/database_cleaner_helper.rb": [
        1,
        null,
        1,
        1,
        1,
        null,
        null,
        1,
        100,
        100,
        null,
        null,
        null,
        null
      ],
      "/Users/Byronlee/workspace/AnJingDeNaoBu/spec/support/devise_helper.rb": [
        1,
        1,
        null
      ],
      "/Users/Byronlee/workspace/AnJingDeNaoBu/spec/support/sidekiq_helper.rb": [
        1,
        1,
        null
      ],
      "/Users/Byronlee/workspace/AnJingDeNaoBu/spec/support/sign_in_helper.rb": [
        1,
        1,
        16,
        null,
        6,
        10,
        10,
        null,
        null,
        null,
        1,
        87,
        null,
        13,
        77,
        77,
        null,
        null,
        null,
        null,
        1,
        1,
        null
      ],
      "/Users/Byronlee/workspace/AnJingDeNaoBu/lib/common.rb": [
        1,
        2,
        2,
        1,
        1,
        1,
        null,
        null,
        null,
        1,
        0,
        0,
        0,
        0,
        null,
        null,
        1,
        12,
        null,
        null,
        1,
        12,
        12,
        null
      ],
      "/Users/Byronlee/workspace/AnJingDeNaoBu/app/controllers/admin/ads_controller.rb": [
        1,
        1,
        null,
        1,
        1,
        null,
        null,
        1,
        3,
        3,
        null,
        null,
        1,
        3,
        3,
        null,
        null,
        1,
        1,
        1,
        null,
        null,
        1,
        null,
        1,
        6,
        null,
        null
      ],
      "/Users/Byronlee/workspace/AnJingDeNaoBu/app/controllers/admin/base_controller.rb": [
        1,
        1,
        1,
        null,
        1,
        null,
        1,
        669,
        null,
        null,
        null
      ],
      "/Users/Byronlee/workspace/AnJingDeNaoBu/app/controllers/application_controller.rb": [
        1,
        1,
        1,
        1,
        1,
        null,
        1,
        96,
        7,
        0,
        0,
        null,
        null,
        null,
        1,
        96,
        null,
        null,
        1,
        1,
        1,
        2,
        1,
        null,
        null,
        0,
        0,
        0,
        null,
        null,
        null,
        null,
        1,
        9,
        9,
        9,
        null,
        null,
        1,
        24,
        null,
        null
      ],
      "/Users/Byronlee/workspace/AnJingDeNaoBu/spec/controllers/admin/columns_controller_spec.rb": [
        1,
        null,
        1,
        1,
        null,
        1,
        1,
        null,
        1,
        1,
        1,
        1,
        null,
        null,
        null,
        1,
        5,
        null,
        1,
        1,
        1,
        1,
        1,
        null,
        null,
        1,
        1,
        1,
        1,
        1,
        1,
        null,
        1,
        1,
        1,
        null,
        null,
        1,
        1,
        1,
        1,
        null,
        1,
        null,
        null,
        null,
        1,
        1,
        1,
        1,
        1,
        null,
        1,
        null,
        null,
        null,
        1,
        1,
        1,
        1,
        null,
        null,
        null,
        1,
        1,
        1,
        1,
        1,
        1,
        null,
        1,
        1,
        1,
        null,
        null,
        1,
        1,
        1,
        1,
        null,
        null,
        null,
        null,
        null,
        null,
        1,
        1,
        1,
        1,
        1,
        null,
        1,
        null,
        null,
        null,
        1,
        1,
        1,
        null,
        null,
        1,
        1,
        1,
        null,
        1,
        null,
        1,
        null,
        null,
        null
      ],
      "/Users/Byronlee/workspace/AnJingDeNaoBu/app/controllers/admin/columns_controller.rb": [
        1,
        1,
        null,
        1,
        1,
        null,
        null,
        1,
        4,
        4,
        null,
        null,
        1,
        4,
        4,
        null,
        null,
        1,
        1,
        1,
        null,
        null,
        1,
        null,
        1,
        8,
        null,
        null
      ],
      "/Users/Byronlee/workspace/AnJingDeNaoBu/spec/controllers/admin/comments_controller_spec.rb": [
        1,
        null,
        1,
        1,
        1,
        null,
        5,
        null,
        1,
        1,
        1,
        1,
        1,
        1,
        null,
        null,
        1,
        1,
        1,
        1,
        1,
        null,
        null,
        null,
        1,
        1,
        1,
        1,
        1,
        null,
        1,
        null,
        null,
        null,
        1,
        1,
        1,
        1,
        1,
        1,
        1,
        null,
        null,
        null
      ],
      "/Users/Byronlee/workspace/AnJingDeNaoBu/app/controllers/admin/comments_controller.rb": [
        1,
        1,
        1,
        null,
        1,
        2,
        1,
        1,
        1,
        null,
        null,
        1,
        1,
        1,
        1,
        1,
        null,
        null,
        1,
        1,
        1,
        null,
        null,
        1,
        0,
        0,
        0,
        0,
        null,
        null,
        1,
        0,
        0,
        0,
        0,
        null,
        null,
        1,
        0,
        0,
        0,
        0,
        null,
        null,
        1,
        1,
        1,
        2,
        1,
        null,
        null,
        null,
        1,
        0,
        0,
        0,
        0,
        0,
        null,
        null,
        0,
        null,
        null,
        1,
        0,
        0,
        0,
        0,
        0,
        null,
        null,
        0,
        null,
        null,
        1,
        0,
        0,
        0,
        0,
        0,
        null,
        null,
        0,
        null,
        null,
        1,
        0,
        0,
        null,
        0,
        null,
        null,
        1,
        0,
        0,
        null,
        null,
        1,
        0,
        0,
        null,
        null,
        1,
        null,
        1,
        1,
        null,
        null,
        1,
        3,
        4,
        null,
        null,
        null,
        null
      ],
      "/Users/Byronlee/workspace/AnJingDeNaoBu/spec/controllers/admin/dashboard_controller_spec.rb": [
        1,
        null,
        1,
        1,
        null,
        1,
        1,
        1,
        1,
        null,
        null,
        null
      ],
      "/Users/Byronlee/workspace/AnJingDeNaoBu/app/controllers/admin/dashboard_controller.rb": [
        1,
        1,
        null,
        1,
        1,
        null,
        null
      ],
      "/Users/Byronlee/workspace/AnJingDeNaoBu/spec/controllers/admin/factories_controller_spec.rb": [
        1,
        null,
        1,
        1,
        null,
        1,
        1,
        1,
        1,
        null,
        null,
        null,
        1,
        2,
        1,
        1,
        1,
        null,
        null,
        null
      ],
      "/Users/Byronlee/workspace/AnJingDeNaoBu/app/controllers/admin/factories_controller.rb": [
        1,
        1,
        1,
        null,
        null,
        1,
        1,
        1,
        null,
        null
      ],
      "/Users/Byronlee/workspace/AnJingDeNaoBu/spec/controllers/admin/fragment_templates_controller_spec.rb": [
        1,
        null,
        1,
        1,
        null,
        1,
        2,
        1,
        1,
        1,
        1,
        null,
        null,
        null,
        1,
        2,
        null,
        1,
        1,
        1,
        null,
        null,
        null,
        1,
        1,
        1,
        1,
        null,
        null,
        null,
        null,
        1,
        2,
        null,
        1,
        1,
        1,
        1,
        null,
        1,
        null,
        null,
        null
      ],
      "/Users/Byronlee/workspace/AnJingDeNaoBu/app/controllers/admin/fragment_templates_controller.rb": [
        1,
        1,
        null,
        1,
        1,
        null,
        null,
        1,
        1,
        1,
        null,
        null,
        1,
        1,
        1,
        null,
        null,
        1,
        1,
        1,
        null,
        null,
        1,
        null,
        1,
        2,
        null,
        null
      ],
      "/Users/Byronlee/workspace/AnJingDeNaoBu/spec/controllers/admin/head_lines_controller_spec.rb": [
        1,
        null,
        1,
        1,
        null,
        1,
        2,
        null,
        1,
        1,
        1,
        1,
        1,
        null,
        null,
        null,
        1,
        2,
        null,
        1,
        1,
        1,
        1,
        1,
        null,
        null,
        null,
        1,
        1,
        1,
        1,
        1,
        null,
        null,
        null,
        1,
        1,
        2,
        2,
        null,
        1,
        1,
        1,
        1,
        1,
        null,
        null,
        null,
        1,
        3,
        1,
        null,
        1,
        1,
        1,
        1,
        1,
        null,
        1,
        null,
        null,
        1,
        1,
        1,
        1,
        1,
        1,
        null,
        1,
        null,
        null,
        null,
        null,
        1,
        1,
        1,
        1,
        1,
        1,
        null,
        null,
        null,
        1,
        1,
        1,
        1,
        1,
        1,
        null,
        1,
        null,
        null,
        1,
        1,
        1,
        1,
        1,
        1,
        null,
        1,
        null,
        null,
        null,
        null,
        1,
        2,
        1,
        1,
        1,
        1,
        null,
        1,
        null,
        null,
        null,
        1,
        2,
        1,
        1,
        1,
        1,
        1,
        null,
        null,
        null,
        1,
        2,
        1,
        1,
        1,
        1,
        1,
        null,
        null,
        null
      ],
      "/Users/Byronlee/workspace/AnJingDeNaoBu/app/controllers/admin/head_lines_controller.rb": [
        1,
        1,
        null,
        1,
        1,
        null,
        null,
        1,
        1,
        null,
        null,
        1,
        3,
        3,
        null,
        null,
        1,
        1,
        null,
        null,
        1,
        3,
        3,
        3,
        null,
        null,
        1,
        1,
        1,
        null,
        null,
        1,
        1,
        1,
        1,
        null,
        null,
        1,
        1,
        1,
        1,
        null,
        null,
        1,
        null,
        1,
        6,
        null,
        null
      ],
      "/Users/Byronlee/workspace/AnJingDeNaoBu/spec/controllers/admin/pages_controller_spec.rb": [
        1,
        null,
        1,
        1,
        null,
        1,
        2,
        1,
        1,
        1,
        1,
        null,
        null,
        null,
        1,
        2,
        null,
        1,
        1,
        1,
        null,
        null,
        null,
        1,
        1,
        1,
        1,
        null,
        null,
        null,
        null,
        1,
        2,
        null,
        1,
        1,
        1,
        1,
        null,
        1,
        null,
        null,
        null
      ],
      "/Users/Byronlee/workspace/AnJingDeNaoBu/app/controllers/admin/pages_controller.rb": [
        1,
        1,
        null,
        1,
        1,
        null,
        null,
        1,
        1,
        1,
        null,
        null,
        1,
        1,
        1,
        null,
        null,
        1,
        1,
        1,
        null,
        null,
        1,
        null,
        1,
        2,
        null,
        null
      ],
      "/Users/Byronlee/workspace/AnJingDeNaoBu/spec/controllers/admin/posts_controller_spec.rb": [
        1,
        null,
        1,
        1,
        null,
        1,
        1,
        2,
        null,
        null,
        1,
        1,
        1,
        1,
        1,
        null,
        null,
        1,
        1,
        1,
        1,
        1,
        null,
        null,
        null,
        1,
        1,
        2,
        null,
        null,
        1,
        1,
        1,
        1,
        1,
        null,
        null,
        1,
        1,
        1,
        1,
        1,
        null,
        null,
        null,
        1,
        1,
        2,
        2,
        2,
        null,
        null,
        1,
        1,
        1,
        1,
        1,
        null,
        null,
        1,
        1,
        1,
        1,
        1,
        null,
        null,
        null,
        1,
        2,
        null,
        1,
        1,
        1,
        null,
        null,
        null,
        1,
        2,
        null,
        1,
        1,
        1,
        1,
        null,
        null,
        null,
        1,
        2,
        null,
        1,
        1,
        1,
        1,
        null,
        1,
        null,
        null,
        null,
        1,
        1,
        1,
        1,
        1,
        1,
        null,
        null,
        1,
        1,
        1,
        1,
        null,
        null,
        null,
        null,
        null,
        null,
        null,
        null,
        null,
        null,
        1,
        1,
        1,
        1,
        1,
        null,
        null,
        null,
        1,
        1,
        1,
        1,
        1,
        1,
        null,
        null,
        null,
        1,
        1,
        1,
        1,
        1,
        null,
        null,
        null,
        1,
        1,
        1,
        1,
        1,
        null,
        null,
        null
      ],
      "/Users/Byronlee/workspace/AnJingDeNaoBu/app/controllers/admin/posts_controller.rb": [
        1,
        1,
        1,
        null,
        1,
        2,
        null,
        null,
        1,
        2,
        null,
        null,
        1,
        2,
        null,
        null,
        1,
        0,
        null,
        null,
        1,
        1,
        null,
        1,
        1,
        1,
        null,
        null,
        1,
        1,
        null,
        null,
        1,
        1,
        null,
        null,
        1,
        1,
        1,
        null,
        null,
        1,
        1,
        1,
        null,
        null,
        1,
        2,
        2,
        2,
        2,
        null,
        null,
        1,
        2,
        1,
        1,
        null,
        null,
        1,
        0,
        0,
        0,
        0,
        null,
        null,
        1,
        null,
        1,
        3,
        null,
        null,
        null,
        null,
        null,
        null,
        null,
        null,
        1,
        12,
        null,
        null,
        1,
        6,
        6,
        3,
        3,
        0,
        null,
        3,
        null,
        null,
        null
      ],
      "/Users/Byronlee/workspace/AnJingDeNaoBu/spec/controllers/admin/tools_controller_spec.rb": [
        1,
        null,
        1,
        1,
        null,
        1,
        1,
        1,
        1,
        null,
        null,
        null,
        null
      ],
      "/Users/Byronlee/workspace/AnJingDeNaoBu/app/controllers/admin/tools_controller.rb": [
        1,
        1,
        1,
        null,
        1,
        null,
        null,
        1,
        0,
        0,
        0,
        0,
        null,
        0,
        null,
        null
      ],
      "/Users/Byronlee/workspace/AnJingDeNaoBu/spec/controllers/admin/users_controller_spec.rb": [
        1,
        null,
        1,
        1,
        null,
        1,
        1,
        1,
        1,
        1,
        null,
        null,
        null,
        1,
        1,
        2,
        1,
        1,
        1,
        null,
        null,
        null,
        1,
        1,
        2,
        1,
        1,
        1,
        1,
        null,
        null,
        null,
        1,
        1,
        null,
        1,
        1,
        1,
        1,
        null,
        null,
        null,
        1,
        1,
        1,
        null,
        null,
        null,
        null,
        null,
        1,
        1,
        1,
        1,
        1,
        1,
        null,
        null,
        null,
        null,
        1,
        2,
        2,
        2,
        null,
        null,
        1,
        2,
        2,
        2,
        null,
        null,
        1,
        1,
        2,
        null,
        null,
        1,
        1,
        1,
        null,
        null,
        1,
        1,
        1,
        null,
        null,
        null
      ],
      "/Users/Byronlee/workspace/AnJingDeNaoBu/app/controllers/admin/users_controller.rb": [
        1,
        1,
        1,
        null,
        1,
        3,
        3,
        null,
        null,
        1,
        4,
        4,
        4,
        4,
        null,
        null,
        1,
        1,
        1,
        1,
        null,
        null,
        1,
        1,
        1,
        1,
        null,
        null,
        1,
        null,
        1,
        null,
        4,
        4,
        4,
        2,
        3,
        null,
        2,
        null,
        4,
        4,
        null,
        null,
        1,
        2,
        2,
        1,
        1,
        null,
        null,
        1,
        3,
        null,
        null
      ],
      "/Users/Byronlee/workspace/AnJingDeNaoBu/spec/controllers/application_controller_spec.rb": [
        1,
        null,
        1,
        1,
        1,
        null,
        1,
        1,
        1,
        1,
        null,
        null,
        null,
        1,
        1,
        1,
        null,
        null,
        1,
        1,
        1,
        0,
        null,
        null,
        null
      ],
      "/Users/Byronlee/workspace/AnJingDeNaoBu/spec/controllers/asynces/comments_controller_spec.rb": [
        1,
        null,
        1,
        1,
        1,
        null,
        6,
        1,
        5,
        null,
        null,
        1,
        1,
        1,
        1,
        1,
        1,
        1,
        null,
        null,
        null,
        1,
        1,
        1,
        1,
        1,
        null,
        null,
        null,
        1,
        1,
        1,
        1,
        1,
        1,
        null,
        null,
        1,
        1,
        1,
        null,
        null,
        1,
        1,
        1,
        1,
        null,
        null,
        null
      ],
      "/Users/Byronlee/workspace/AnJingDeNaoBu/app/controllers/asynces/comments_controller.rb": [
        1,
        1,
        null,
        1,
        1,
        1,
        1,
        1,
        null,
        null,
        1,
        3,
        3,
        3,
        3,
        3,
        3,
        3,
        3,
        null,
        0,
        0,
        null,
        3,
        null,
        null,
        1,
        1,
        1,
        1,
        null,
        null,
        1,
        null,
        1,
        6,
        null,
        null,
        1,
        4,
        10,
        null,
        null,
        null,
        null
      ],
      "/Users/Byronlee/workspace/AnJingDeNaoBu/spec/controllers/asynces/factories_controller_spec.rb": [
        1,
        null,
        1,
        null,
        1,
        1,
        null,
        1,
        null,
        null,
        null,
        null,
        null
      ],
      "/Users/Byronlee/workspace/AnJingDeNaoBu/app/controllers/asynces/factories_controller.rb": [
        1,
        1,
        0,
        0,
        null,
        null
      ],
      "/Users/Byronlee/workspace/AnJingDeNaoBu/spec/controllers/asynces/posts_controller_spec.rb": [
        1,
        null,
        1,
        1,
        1,
        null,
        1,
        2,
        null,
        1,
        1,
        1,
        null,
        null,
        null,
        1,
        2,
        null,
        1,
        1,
        null,
        null,
        1,
        1,
        1,
        null,
        null,
        null
      ],
      "/Users/Byronlee/workspace/AnJingDeNaoBu/app/controllers/asynces/posts_controller.rb": [
        1,
        1,
        1,
        null,
        1,
        1,
        1,
        1,
        null,
        null,
        1,
        1,
        1,
        1,
        0,
        0,
        0,
        null,
        null,
        1,
        0,
        0,
        0,
        null,
        null,
        1,
        0,
        0,
        null,
        null,
        1,
        0,
        0,
        0,
        0,
        0,
        null,
        null,
        1,
        0,
        0,
        0,
        0,
        0,
        0,
        0,
        0,
        null,
        null,
        1,
        0,
        0,
        null,
        null,
        null,
        1,
        0,
        null,
        null,
        1,
        null,
        1,
        0,
        null,
        null,
        1,
        0,
        null,
        null
      ],
      "/Users/Byronlee/workspace/AnJingDeNaoBu/spec/controllers/asynces/votes_controller_spec.rb": [
        1,
        null,
        1,
        1,
        null,
        1,
        1,
        2,
        2,
        null,
        null,
        1,
        1,
        1,
        1,
        1,
        1,
        1,
        1,
        1,
        1,
        1,
        1,
        null,
        null,
        null,
        1,
        1,
        1,
        1,
        1,
        1,
        1,
        1,
        1,
        null,
        null,
        null
      ],
      "/Users/Byronlee/workspace/AnJingDeNaoBu/app/controllers/asynces/votes_controller.rb": [
        1,
        10,
        null,
        1,
        9,
        9,
        6,
        3,
        3,
        null,
        null,
        1,
        6,
        6,
        null,
        null,
        1,
        6,
        6,
        null,
        null,
        1,
        12,
        12,
        null,
        null
      ],
      "/Users/Byronlee/workspace/AnJingDeNaoBu/spec/controllers/columns_controller_spec.rb": [
        1,
        null,
        1,
        null,
        1,
        null,
        1,
        2,
        2,
        1,
        0,
        null,
        null,
        null,
        null
      ],
      "/Users/Byronlee/workspace/AnJingDeNaoBu/app/controllers/columns_controller.rb": [
        1,
        1,
        1,
        0,
        null,
        null,
        1,
        0,
        0,
        0,
        null,
        null,
        1,
        0,
        null,
        1,
        null
      ],
      "/Users/Byronlee/workspace/AnJingDeNaoBu/spec/controllers/components/pages_controller_spec.rb": [
        1,
        null,
        1,
        1,
        2,
        null,
        1,
        1,
        0,
        0,
        0,
        null,
        null,
        null
      ],
      "/Users/Byronlee/workspace/AnJingDeNaoBu/app/controllers/components/pages_controller.rb": [
        1,
        1,
        0,
        0,
        null,
        null
      ],
      "/Users/Byronlee/workspace/AnJingDeNaoBu/spec/controllers/errors_controller_spec.rb": [
        1,
        null,
        1,
        1,
        1,
        1,
        0,
        null,
        null,
        null,
        1,
        1,
        1,
        0,
        null,
        null,
        null
      ],
      "/Users/Byronlee/workspace/AnJingDeNaoBu/app/controllers/errors_controller.rb": [
        1,
        1,
        0,
        0,
        0,
        null,
        null,
        null,
        1,
        0,
        0,
        0,
        null,
        null,
        null
      ],
      "/Users/Byronlee/workspace/AnJingDeNaoBu/spec/controllers/pages_controller_spec.rb": [
        1,
        null,
        1,
        1,
        2,
        null,
        1,
        1,
        0,
        0,
        null,
        null,
        null
      ],
      "/Users/Byronlee/workspace/AnJingDeNaoBu/app/controllers/pages_controller.rb": [
        1,
        1,
        0,
        null,
        null
      ],
      "/Users/Byronlee/workspace/AnJingDeNaoBu/spec/controllers/posts_controller_spec.rb": [
        1,
        null,
        1,
        1,
        1,
        null,
        1,
        1,
        2,
        2,
        1,
        0,
        0,
        null,
        0,
        null,
        0,
        0,
        0,
        0,
        0,
        0,
        0,
        null,
        null,
        null,
        null,
        1,
        1,
        1,
        1,
        null,
        null,
        1,
        1,
        0,
        0,
        null,
        null,
        null
      ],
      "/Users/Byronlee/workspace/AnJingDeNaoBu/app/controllers/posts_controller.rb": [
        1,
        1,
        1,
        1,
        null,
        1,
        1,
        1,
        1,
        1,
        1,
        null,
        null,
        1,
        1,
        1,
        1,
        1,
        null,
        null,
        1,
        0,
        0,
        null,
        null,
        1,
        0,
        0,
        0,
        null,
        null,
        1,
        0,
        null,
        1,
        null
      ],
      "/Users/Byronlee/workspace/AnJingDeNaoBu/spec/controllers/tags_controller_spec.rb": [
        1,
        null,
        1,
        1,
        1,
        0,
        0,
        0,
        0,
        null,
        null,
        null
      ],
      "/Users/Byronlee/workspace/AnJingDeNaoBu/app/controllers/tags_controller.rb": [
        1,
        1,
        0,
        0,
        0,
        0,
        null,
        0,
        null,
        0,
        0,
        0,
        0,
        null,
        null,
        0,
        0,
        null,
        null,
        null,
        null,
        null
      ],
      "/Users/Byronlee/workspace/AnJingDeNaoBu/spec/controllers/users_controller_spec.rb": [
        1,
        null,
        1,
        1,
        2,
        1,
        2,
        1,
        0,
        0,
        0,
        null,
        null,
        null,
        null
      ],
      "/Users/Byronlee/workspace/AnJingDeNaoBu/app/controllers/users_controller.rb": [
        1,
        1,
        1,
        null,
        1,
        0,
        null,
        null,
        1,
        0,
        0,
        null,
        0,
        0,
        0,
        0,
        null,
        null,
        0,
        0,
        null,
        null,
        null,
        null
      ],
      "/Users/Byronlee/workspace/AnJingDeNaoBu/spec/lib/common_spec.rb": [
        1,
        1,
        null,
        1,
        1,
        2,
        2,
        null,
        null,
        1,
        2,
        2,
        null,
        null,
        null,
        1,
        1,
        null,
        null,
        null,
        null,
        null,
        null,
        null,
        null,
        null
      ],
      "/Users/Byronlee/workspace/AnJingDeNaoBu/spec/models/ability_spec.rb": [
        1,
        1,
        null,
        1,
        null,
        1,
        0,
        0,
        null,
        null,
        1,
        0,
        0,
        null,
        null
      ],
      "/Users/Byronlee/workspace/AnJingDeNaoBu/app/models/ability.rb": [
        1,
        1,
        null,
        1,
        79,
        null,
        null,
        1,
        9,
        9,
        9,
        9,
        9,
        9,
        9,
        9,
        9,
        9,
        9,
        9,
        null,
        1,
        1,
        null,
        1,
        70,
        null,
        null,
        1,
        null,
        1,
        70,
        70,
        70,
        70,
        null,
        null,
        1,
        null,
        null,
        null,
        1,
        0,
        0,
        0,
        0,
        0,
        0,
        0,
        null,
        null,
        1,
        73,
        null,
        null
      ],
      "/Users/Byronlee/workspace/AnJingDeNaoBu/spec/models/ad_spec.rb": [
        null,
        null,
        null,
        null,
        null,
        null,
        null,
        null,
        null,
        null,
        null,
        1,
        null,
        1,
        null
      ],
      "/Users/Byronlee/workspace/AnJingDeNaoBu/app/models/ad.rb": [
        null,
        null,
        null,
        null,
        null,
        null,
        null,
        null,
        null,
        null,
        null,
        1,
        1,
        1,
        null
      ],
      "/Users/Byronlee/workspace/AnJingDeNaoBu/spec/models/column_spec.rb": [
        null,
        null,
        null,
        null,
        null,
        null,
        null,
        null,
        null,
        null,
        null,
        null,
        null,
        null,
        null,
        null,
        null,
        null,
        null,
        null,
        null,
        null,
        null,
        null,
        null,
        1,
        null,
        1,
        null,
        null
      ],
      "/Users/Byronlee/workspace/AnJingDeNaoBu/spec/models/comment_spec.rb": [
        null,
        null,
        null,
        null,
        null,
        null,
        null,
        null,
        null,
        null,
        null,
        null,
        null,
        null,
        null,
        null,
        null,
        null,
        1,
        null,
        1,
        1,
        2,
        null,
        1,
        1,
        null,
        null,
        null
      ],
      "/Users/Byronlee/workspace/AnJingDeNaoBu/app/models/comment.rb": [
        null,
        null,
        null,
        null,
        null,
        null,
        null,
        null,
        null,
        null,
        null,
        null,
        null,
        null,
        null,
        null,
        null,
        null,
        1,
        1,
        1,
        1,
        null,
        1,
        1,
        null,
        1,
        1,
        1,
        1,
        1,
        null,
        1,
        1,
        1,
        null,
        1,
        null,
        1,
        18,
        18,
        null,
        null
      ],
      "/Users/Byronlee/workspace/AnJingDeNaoBu/spec/models/head_line_spec.rb": [
        null,
        null,
        null,
        null,
        null,
        null,
        null,
        null,
        null,
        null,
        null,
        null,
        null,
        null,
        null,
        null,
        null,
        null,
        1,
        null,
        1,
        null,
        null,
        1,
        1,
        0,
        null,
        null,
        null
      ],
      "/Users/Byronlee/workspace/AnJingDeNaoBu/app/models/head_line.rb": [
        null,
        null,
        null,
        null,
        null,
        null,
        null,
        null,
        null,
        null,
        null,
        null,
        null,
        null,
        null,
        null,
        null,
        null,
        1,
        1,
        1,
        1,
        1,
        1,
        1,
        null,
        1,
        1,
        1,
        1,
        null,
        2,
        2,
        3,
        2,
        3,
        null,
        1,
        1,
        1,
        null,
        1,
        1,
        null,
        null,
        1,
        1,
        null,
        null,
        null,
        1,
        0,
        0,
        0,
        0,
        0,
        null,
        null,
        null,
        null,
        null,
        null,
        null,
        0,
        null,
        0,
        null,
        null
      ],
      "/Users/Byronlee/workspace/AnJingDeNaoBu/spec/models/page_spec.rb": [
        null,
        null,
        null,
        null,
        null,
        null,
        null,
        null,
        null,
        null,
        null,
        null,
        1,
        null,
        1,
        null,
        null
      ],
      "/Users/Byronlee/workspace/AnJingDeNaoBu/app/models/page.rb": [
        null,
        null,
        null,
        null,
        null,
        null,
        null,
        null,
        null,
        null,
        null,
        null,
        1,
        1,
        null
      ],
      "/Users/Byronlee/workspace/AnJingDeNaoBu/spec/models/post_spec.rb": [
        null,
        null,
        null,
        null,
        null,
        null,
        null,
        null,
        null,
        null,
        null,
        null,
        null,
        null,
        null,
        null,
        null,
        null,
        null,
        null,
        null,
        null,
        null,
        null,
        null,
        null,
        null,
        null,
        null,
        null,
        null,
        null,
        null,
        null,
        null,
        null,
        null,
        null,
        null,
        null,
        null,
        null,
        null,
        null,
        null,
        1,
        null,
        1,
        1,
        null,
        1,
        1,
        1,
        null,
        null,
        1,
        1,
        null,
        null,
        null,
        1,
        1,
        1,
        null,
        null,
        1,
        1,
        null,
        null,
        null,
        1,
        1,
        1,
        null,
        null,
        1,
        1,
        null,
        null,
        null,
        1,
        1,
        1,
        null,
        null,
        1,
        1,
        null,
        null,
        null
      ],
      "/Users/Byronlee/workspace/AnJingDeNaoBu/app/models/post.rb": [
        null,
        null,
        null,
        null,
        null,
        null,
        null,
        null,
        null,
        null,
        null,
        null,
        null,
        null,
        null,
        null,
        null,
        null,
        null,
        null,
        null,
        null,
        null,
        null,
        null,
        null,
        null,
        null,
        null,
        null,
        null,
        null,
        null,
        null,
        null,
        null,
        null,
        null,
        null,
        null,
        null,
        null,
        null,
        null,
        null,
        1,
        1,
        1,
        1,
        1,
        1,
        1,
        1,
        1,
        1,
        1,
        null,
        1,
        null,
        1,
        1,
        54,
        1,
        1,
        null,
        1,
        1,
        1,
        null,
        1,
        1,
        1,
        null,
        1,
        1,
        null,
        48,
        6,
        1,
        2,
        1,
        null,
        1,
        1,
        1,
        1,
        1,
        1,
        1,
        1,
        null,
        1,
        1,
        1,
        null,
        null,
        1,
        1,
        1,
        null,
        1,
        1,
        1,
        0,
        null,
        null,
        null,
        1,
        1,
        null,
        null,
        null,
        1,
        10,
        null,
        null,
        1,
        1,
        null,
        null,
        1,
        1,
        null,
        null,
        1,
        16,
        null,
        null,
        1,
        0,
        0,
        0,
        null,
        null,
        1,
        11,
        11,
        null,
        null,
        1,
        1,
        null,
        null,
        1,
        1,
        null,
        null,
        1,
        0,
        0,
        null,
        null,
        1,
        0,
        0,
        null,
        0,
        null,
        null,
        null,
        1,
        0,
        null,
        null,
        1,
        0,
        0,
        0,
        null,
        null,
        1,
        null,
        1,
        0,
        null,
        null,
        1,
        0,
        null,
        null,
        1,
        38,
        38,
        null,
        null,
        1,
        53,
        53,
        null,
        null,
        1,
        0,
        0,
        0,
        0,
        null,
        null,
        1,
        60,
        1,
        1,
        null,
        null,
        1,
        0,
        0,
        null,
        null
      ],
      "/Users/Byronlee/workspace/AnJingDeNaoBu/spec/models/settings_spec.rb": [
        1,
        null,
        1,
        1,
        null,
        null
      ],
      "/Users/Byronlee/workspace/AnJingDeNaoBu/spec/models/user_spec.rb": [
        null,
        null,
        null,
        null,
        null,
        null,
        null,
        null,
        null,
        null,
        null,
        null,
        null,
        null,
        null,
        null,
        null,
        null,
        null,
        null,
        null,
        null,
        null,
        null,
        null,
        null,
        null,
        null,
        null,
        null,
        null,
        null,
        null,
        null,
        null,
        null,
        null,
        null,
        null,
        null,
        null,
        null,
        null,
        null,
        1,
        null,
        1,
        2,
        null,
        1,
        1,
        1,
        1,
        1,
        null,
        null
      ],
      "/Users/Byronlee/workspace/AnJingDeNaoBu/spec/routes/routing_spec.rb": [
        1,
        null,
        1,
        1,
        null,
        1,
        null,
        null,
        null
      ],
      "/Users/Byronlee/workspace/AnJingDeNaoBu/spec/views/admin/factories/index.html.slim_spec.rb": [
        1,
        null,
        1,
        null,
        null
      ],
      "/Users/Byronlee/workspace/AnJingDeNaoBu/spec/views/admin/factories/show.html.slim_spec.rb": [
        1,
        null,
        1,
        null,
        null
      ],
      "/Users/Byronlee/workspace/AnJingDeNaoBu/app/controllers/concerns/cache_client.rb": [
        1,
        1,
        null,
        1,
        1,
        null,
        null,
        1,
        1,
        null,
        null,
        1,
        1,
        null,
        null,
        1,
        0,
        null,
        null
      ],
      "/Users/Byronlee/workspace/AnJingDeNaoBu/app/cells/sidebar_cell.rb": [
        1,
        1,
        1,
        1,
        1,
        null,
        null,
        null,
        1,
        0,
        0,
        null,
        null,
        1,
        0,
        0,
        null,
        null,
        1,
        0,
        0,
        null,
        null,
        1,
        0,
        null,
        null,
        1,
        0,
        null,
        null,
        1,
        0,
        null,
        null,
        1,
        0,
        null,
        null,
        1,
        38,
        38,
        38,
        38,
        null,
        null
      ],
      "/Users/Byronlee/workspace/AnJingDeNaoBu/app/cells/share_cell.rb": [
        1,
        1,
        1,
        null,
        1,
        2,
        null,
        null,
        1,
        2,
        2,
        2,
        null,
        null,
        1,
        4,
        4,
        4,
        null,
        null
      ],
      "/Users/Byronlee/workspace/AnJingDeNaoBu/app/cells/post_cell.rb": [
        1,
        1,
        1,
        null,
        1,
        2,
        2,
        2,
        null,
        null,
        1,
        4,
        4,
        4,
        4,
        4,
        null,
        null,
        1,
        2,
        2,
        2,
        2,
        null,
        null,
        1,
        0,
        0,
        null,
        null,
        1,
        0,
        0,
        null,
        null,
        1,
        0,
        null,
        null,
        1,
        0,
        null,
        null,
        1,
        0,
        null,
        null,
        1,
        0,
        null,
        null,
        null,
        1,
        0,
        null,
        null,
        1,
        0,
        null,
        null
      ],
      "/Users/Byronlee/workspace/AnJingDeNaoBu/app/cells/comment_cell.rb": [
        1,
        1,
        1,
        1,
        null,
        1,
        4,
        4,
        null,
        null,
        1,
        2,
        2,
        2,
        null,
        null,
        1,
        0,
        null,
        null,
        1,
        0,
        null,
        null
      ],
      "/Users/Byronlee/workspace/AnJingDeNaoBu/app/cells/head_cell.rb": [
        1,
        1,
        1,
        null,
        1,
        2,
        null,
        null,
        1,
        2,
        null,
        null,
        1,
        2,
        null,
        null,
        1,
        2,
        null,
        null,
        1,
        2,
        2,
        null,
        null,
        1,
        2,
        2,
        null,
        null,
        1,
        2,
        2,
        null,
        null,
        1,
        2,
        null,
        null,
        1,
        0,
        null,
        null,
        1,
        0,
        0,
        null,
        null,
        1,
        0,
        null,
        null
      ],
      "/Users/Byronlee/workspace/AnJingDeNaoBu/app/models/fragment_template.rb": [
        null,
        null,
        null,
        null,
        null,
        null,
        null,
        null,
        null,
        null,
        null,
        null,
        null,
        1,
        1,
        1,
        1,
        null,
        1,
        null,
        1,
        null,
        0,
        null,
        0,
        0,
        null,
        0,
        null,
        0,
        null,
        null
      ]
    },
    "timestamp": 1447213466
  }
}
